<?xml version="1.0" encoding="UTF-8"?>
<!-- Generated by org.testng.reporters.JUnitReportReporter -->
<testsuite hostname="DESKTOP-IAJEHVN" failures="0" tests="1" name="test.my.runner.TestRunner" time="4.698" errors="0" timestamp="2022-03-24T21:42:32 EDT" skipped="0">
  <testcase classname="test.my.runner.TestRunner" name="runScenario" time="4.698"/>
  <system-out/>
</testsuite> <!-- test.my.runner.TestRunner -->
