<?xml version="1.0" encoding="UTF-8"?>
<!-- Generated by org.testng.reporters.JUnitReportReporter -->
<testsuite hostname="DESKTOP-IAJEHVN" failures="0" tests="1" name="com.my.runner.MyRunner" time="11.145" errors="0" timestamp="2022-04-16T01:41:34 EDT" skipped="0">
  <testcase classname="com.my.runner.MyRunner" name="runScenario" time="11.145"/>
  <system-out/>
</testsuite> <!-- com.my.runner.MyRunner -->
